
> web@0.1.0 dev
> next dev

   ▲ Next.js 16.0.8 (Turbopack)
   - Local:         http://localhost:3000
   - Network:       http://192.168.1.43:3000

 ✓ Starting...
 ✓ Ready in 424ms
 GET / 200 in 1210ms (compile: 1152ms, render: 58ms)
 ⚠ Cross origin request detected from 192.168.1.43 to /_next/* resource. In a future major version of Next.js, you will need to explicitly configure "allowedDevOrigins" in next.config to allow this.
Read more: https://nextjs.org/docs/app/api-reference/config/next-config-js/allowedDevOrigins
 GET /profiles 200 in 336ms (compile: 269ms, render: 67ms)
 GET /profiles/5 200 in 356ms (compile: 346ms, render: 10ms)
 ✓ Compiled in 205ms
 ✓ Compiled in 31ms
 ✓ Compiled in 50ms
 ✓ Compiled in 22ms
 ✓ Compiled in 50ms
 GET /profiles 200 in 78ms (compile: 63ms, render: 15ms)
 GET /profiles 200 in 95ms (compile: 9ms, render: 86ms)
 GET /profiles 200 in 27ms (compile: 4ms, render: 23ms)
 GET /profiles 200 in 17ms (compile: 1836µs, render: 16ms)
 GET /profiles 200 in 17ms (compile: 1315µs, render: 16ms)
 GET / 200 in 12ms (compile: 4ms, render: 9ms)
 GET /profiles 200 in 19ms (compile: 5ms, render: 14ms)
 GET / 200 in 13ms (compile: 4ms, render: 10ms)
 GET /profiles 200 in 13ms (compile: 4ms, render: 9ms)
 GET /profiles 200 in 15ms (compile: 1254µs, render: 14ms)
 ✓ Compiled in 19ms
 GET /profiles 200 in 111ms (compile: 55ms, render: 56ms)
 GET /profiles/5 200 in 58ms (compile: 46ms, render: 11ms)
 GET /profiles 200 in 11ms (compile: 2ms, render: 9ms)
 GET /profiles/7 200 in 15ms (compile: 5ms, render: 11ms)
 GET /profiles 200 in 14ms (compile: 4ms, render: 10ms)
 GET /profiles/7 200 in 18ms (compile: 6ms, render: 12ms)
 GET /profiles 200 in 15ms (compile: 5ms, render: 9ms)
 GET / 200 in 12ms (compile: 3ms, render: 9ms)
 GET /controller 200 in 176ms (compile: 171ms, render: 6ms)
 ✓ Compiled in 19ms
 GET / 200 in 10ms (compile: 3ms, render: 7ms)
 GET /controller 200 in 18ms (compile: 5ms, render: 13ms)
 GET / 200 in 16ms (compile: 4ms, render: 12ms)
 GET /profiles 200 in 60ms (compile: 42ms, render: 18ms)
 GET /profiles/7 200 in 52ms (compile: 41ms, render: 11ms)
 GET /profiles 200 in 10ms (compile: 2ms, render: 8ms)
 GET /profiles/8 200 in 16ms (compile: 4ms, render: 12ms)
 GET /profiles 200 in 13ms (compile: 3ms, render: 10ms)
 GET / 200 in 14ms (compile: 2ms, render: 12ms)
 GET /controller 200 in 17ms (compile: 5ms, render: 12ms)
 GET / 200 in 10ms (compile: 3ms, render: 7ms)
 GET /profiles 200 in 14ms (compile: 5ms, render: 9ms)
 GET /profiles/8 200 in 18ms (compile: 8ms, render: 10ms)
 GET /profiles 200 in 13ms (compile: 3ms, render: 10ms)
 GET /profiles/7 200 in 10ms (compile: 1993µs, render: 8ms)
 ✓ Compiled in 15ms
 GET /profiles 200 in 6ms (compile: 1180µs, render: 5ms)
 GET /profiles/8 200 in 17ms (compile: 4ms, render: 13ms)
 GET /profiles 200 in 11ms (compile: 2ms, render: 9ms)
 ✓ Compiled in 38ms
 GET / 200 in 39ms (compile: 22ms, render: 17ms)
 GET /controller 200 in 57ms (compile: 45ms, render: 11ms)
 ⚠ Found a change in next.config.ts. Restarting the server to apply the changes...
   ▲ Next.js 16.0.8 (Turbopack)
   - Local:         http://localhost:3000
   - Network:       http://192.168.1.43:3000

 ✓ Starting...
 ✓ Ready in 464ms
 GET / 200 in 1179ms (compile: 1119ms, render: 59ms)
 ⚠ Found a change in next.config.ts. Restarting the server to apply the changes...
   ▲ Next.js 16.0.8 (Turbopack)
   - Local:         http://localhost:3000
   - Network:       http://192.168.1.43:3000

 ✓ Starting...
 ✓ Ready in 371ms
 GET / 200 in 1064ms (compile: 1009ms, render: 56ms)
 GET / 200 in 32ms (compile: 7ms, render: 26ms)
 ⚠ Cross origin request detected from 192.168.1.43 to /_next/* resource. In a future major version of Next.js, you will need to explicitly configure "allowedDevOrigins" in next.config to allow this.
Read more: https://nextjs.org/docs/app/api-reference/config/next-config-js/allowedDevOrigins
 GET / 200 in 23ms (compile: 2ms, render: 21ms)
 GET /profiles 200 in 485ms (compile: 478ms, render: 7ms)
 GET / 200 in 14ms (compile: 3ms, render: 11ms)
 GET /controller 200 in 155ms (compile: 149ms, render: 6ms)
 ✓ Compiled in 25ms
 ✓ Compiled in 18ms
 GET / 200 in 12ms (compile: 3ms, render: 9ms)
 GET /profiles 200 in 14ms (compile: 5ms, render: 9ms)
 GET / 200 in 8ms (compile: 1172µs, render: 7ms)
 GET /controller 200 in 40ms (compile: 29ms, render: 11ms)
 GET / 200 in 8ms (compile: 1451µs, render: 7ms)
 GET /profiles 200 in 9ms (compile: 3ms, render: 6ms)
 GET /profiles/7 200 in 426ms (compile: 417ms, render: 9ms)
 GET /profiles 200 in 12ms (compile: 3ms, render: 9ms)
